<?xml version="1.0" encoding="UTF-8"?>
<testsuite name="org.example.UserTest" tests="1" skipped="0" failures="0" errors="0" timestamp="2022-10-05T14:12:15" hostname="DESKTOP-FLOUDI3" time="0.119">
  <properties/>
  <testcase name="패스워드가 요구사항에 부합하지 않아 초기화가 되지 않는다." classname="org.example.UserTest" time="0.119"/>
  <system-out><![CDATA[]]></system-out>
  <system-err><![CDATA[]]></system-err>
</testsuite>
