<?xml version="1.0" encoding="UTF-8"?>
<testsuite name="org.example.음식주문.CustomerTest" tests="1" skipped="0" failures="0" errors="0" timestamp="2022-10-06T09:37:18" hostname="DESKTOP-FLOUDI3" time="0.092">
  <properties/>
  <testcase name="메뉴이름에 해당하는 요리를 주문한다." classname="org.example.음식주문.CustomerTest" time="0.092"/>
  <system-out><![CDATA[]]></system-out>
  <system-err><![CDATA[]]></system-err>
</testsuite>
